C:\Program Files\Microsoft Visual Studio\2022\Community\MSBuild\Current\Bin\amd64\Microsoft.Common.CurrentVersion.targets(2176,5): warning : The referenced project 'F:\MinecraftOpenGL\glfw-3.3.8\build\ZERO_CHECK.vcxproj' does not exist.
C:\Program Files\Microsoft Visual Studio\2022\Community\MSBuild\Current\Bin\amd64\Microsoft.Common.CurrentVersion.targets(2176,5): warning : The referenced project 'F:\MinecraftOpenGL\glfw-3.3.8\build\examples\boing.vcxproj' does not exist.
C:\Program Files\Microsoft Visual Studio\2022\Community\MSBuild\Current\Bin\amd64\Microsoft.Common.CurrentVersion.targets(2176,5): warning : The referenced project 'F:\MinecraftOpenGL\glfw-3.3.8\build\tests\clipboard.vcxproj' does not exist.
C:\Program Files\Microsoft Visual Studio\2022\Community\MSBuild\Current\Bin\amd64\Microsoft.Common.CurrentVersion.targets(2176,5): warning : The referenced project 'F:\MinecraftOpenGL\glfw-3.3.8\build\tests\cursor.vcxproj' does not exist.
C:\Program Files\Microsoft Visual Studio\2022\Community\MSBuild\Current\Bin\amd64\Microsoft.Common.CurrentVersion.targets(2176,5): warning : The referenced project 'F:\MinecraftOpenGL\glfw-3.3.8\build\tests\empty.vcxproj' does not exist.
C:\Program Files\Microsoft Visual Studio\2022\Community\MSBuild\Current\Bin\amd64\Microsoft.Common.CurrentVersion.targets(2176,5): warning : The referenced project 'F:\MinecraftOpenGL\glfw-3.3.8\build\tests\events.vcxproj' does not exist.
C:\Program Files\Microsoft Visual Studio\2022\Community\MSBuild\Current\Bin\amd64\Microsoft.Common.CurrentVersion.targets(2176,5): warning : The referenced project 'F:\MinecraftOpenGL\glfw-3.3.8\build\tests\gamma.vcxproj' does not exist.
C:\Program Files\Microsoft Visual Studio\2022\Community\MSBuild\Current\Bin\amd64\Microsoft.Common.CurrentVersion.targets(2176,5): warning : The referenced project 'F:\MinecraftOpenGL\glfw-3.3.8\build\examples\gears.vcxproj' does not exist.
C:\Program Files\Microsoft Visual Studio\2022\Community\MSBuild\Current\Bin\amd64\Microsoft.Common.CurrentVersion.targets(2176,5): warning : The referenced project 'F:\MinecraftOpenGL\glfw-3.3.8\build\src\glfw.vcxproj' does not exist.
C:\Program Files\Microsoft Visual Studio\2022\Community\MSBuild\Current\Bin\amd64\Microsoft.Common.CurrentVersion.targets(2176,5): warning : The referenced project 'F:\MinecraftOpenGL\glfw-3.3.8\build\tests\glfwinfo.vcxproj' does not exist.
C:\Program Files\Microsoft Visual Studio\2022\Community\MSBuild\Current\Bin\amd64\Microsoft.Common.CurrentVersion.targets(2176,5): warning : The referenced project 'F:\MinecraftOpenGL\glfw-3.3.8\build\examples\heightmap.vcxproj' does not exist.
C:\Program Files\Microsoft Visual Studio\2022\Community\MSBuild\Current\Bin\amd64\Microsoft.Common.CurrentVersion.targets(2176,5): warning : The referenced project 'F:\MinecraftOpenGL\glfw-3.3.8\build\tests\icon.vcxproj' does not exist.
C:\Program Files\Microsoft Visual Studio\2022\Community\MSBuild\Current\Bin\amd64\Microsoft.Common.CurrentVersion.targets(2176,5): warning : The referenced project 'F:\MinecraftOpenGL\glfw-3.3.8\build\tests\iconify.vcxproj' does not exist.
C:\Program Files\Microsoft Visual Studio\2022\Community\MSBuild\Current\Bin\amd64\Microsoft.Common.CurrentVersion.targets(2176,5): warning : The referenced project 'F:\MinecraftOpenGL\glfw-3.3.8\build\tests\inputlag.vcxproj' does not exist.
C:\Program Files\Microsoft Visual Studio\2022\Community\MSBuild\Current\Bin\amd64\Microsoft.Common.CurrentVersion.targets(2176,5): warning : The referenced project 'F:\MinecraftOpenGL\glfw-3.3.8\build\tests\joysticks.vcxproj' does not exist.
C:\Program Files\Microsoft Visual Studio\2022\Community\MSBuild\Current\Bin\amd64\Microsoft.Common.CurrentVersion.targets(2176,5): warning : The referenced project 'F:\MinecraftOpenGL\glfw-3.3.8\build\tests\monitors.vcxproj' does not exist.
C:\Program Files\Microsoft Visual Studio\2022\Community\MSBuild\Current\Bin\amd64\Microsoft.Common.CurrentVersion.targets(2176,5): warning : The referenced project 'F:\MinecraftOpenGL\glfw-3.3.8\build\tests\msaa.vcxproj' does not exist.
C:\Program Files\Microsoft Visual Studio\2022\Community\MSBuild\Current\Bin\amd64\Microsoft.Common.CurrentVersion.targets(2176,5): warning : The referenced project 'F:\MinecraftOpenGL\glfw-3.3.8\build\examples\offscreen.vcxproj' does not exist.
C:\Program Files\Microsoft Visual Studio\2022\Community\MSBuild\Current\Bin\amd64\Microsoft.Common.CurrentVersion.targets(2176,5): warning : The referenced project 'F:\MinecraftOpenGL\glfw-3.3.8\build\tests\opacity.vcxproj' does not exist.
C:\Program Files\Microsoft Visual Studio\2022\Community\MSBuild\Current\Bin\amd64\Microsoft.Common.CurrentVersion.targets(2176,5): warning : The referenced project 'F:\MinecraftOpenGL\glfw-3.3.8\build\examples\particles.vcxproj' does not exist.
C:\Program Files\Microsoft Visual Studio\2022\Community\MSBuild\Current\Bin\amd64\Microsoft.Common.CurrentVersion.targets(2176,5): warning : The referenced project 'F:\MinecraftOpenGL\glfw-3.3.8\build\tests\reopen.vcxproj' does not exist.
C:\Program Files\Microsoft Visual Studio\2022\Community\MSBuild\Current\Bin\amd64\Microsoft.Common.CurrentVersion.targets(2176,5): warning : The referenced project 'F:\MinecraftOpenGL\glfw-3.3.8\build\examples\sharing.vcxproj' does not exist.
C:\Program Files\Microsoft Visual Studio\2022\Community\MSBuild\Current\Bin\amd64\Microsoft.Common.CurrentVersion.targets(2176,5): warning : The referenced project 'F:\MinecraftOpenGL\glfw-3.3.8\build\examples\simple.vcxproj' does not exist.
C:\Program Files\Microsoft Visual Studio\2022\Community\MSBuild\Current\Bin\amd64\Microsoft.Common.CurrentVersion.targets(2176,5): warning : The referenced project 'F:\MinecraftOpenGL\glfw-3.3.8\build\examples\splitview.vcxproj' does not exist.
C:\Program Files\Microsoft Visual Studio\2022\Community\MSBuild\Current\Bin\amd64\Microsoft.Common.CurrentVersion.targets(2176,5): warning : The referenced project 'F:\MinecraftOpenGL\glfw-3.3.8\build\tests\tearing.vcxproj' does not exist.
C:\Program Files\Microsoft Visual Studio\2022\Community\MSBuild\Current\Bin\amd64\Microsoft.Common.CurrentVersion.targets(2176,5): warning : The referenced project 'F:\MinecraftOpenGL\glfw-3.3.8\build\tests\threads.vcxproj' does not exist.
C:\Program Files\Microsoft Visual Studio\2022\Community\MSBuild\Current\Bin\amd64\Microsoft.Common.CurrentVersion.targets(2176,5): warning : The referenced project 'F:\MinecraftOpenGL\glfw-3.3.8\build\tests\timeout.vcxproj' does not exist.
C:\Program Files\Microsoft Visual Studio\2022\Community\MSBuild\Current\Bin\amd64\Microsoft.Common.CurrentVersion.targets(2176,5): warning : The referenced project 'F:\MinecraftOpenGL\glfw-3.3.8\build\tests\title.vcxproj' does not exist.
C:\Program Files\Microsoft Visual Studio\2022\Community\MSBuild\Current\Bin\amd64\Microsoft.Common.CurrentVersion.targets(2176,5): warning : The referenced project 'F:\MinecraftOpenGL\glfw-3.3.8\build\tests\triangle-vulkan.vcxproj' does not exist.
C:\Program Files\Microsoft Visual Studio\2022\Community\MSBuild\Current\Bin\amd64\Microsoft.Common.CurrentVersion.targets(2176,5): warning : The referenced project 'F:\MinecraftOpenGL\glfw-3.3.8\build\examples\wave.vcxproj' does not exist.
C:\Program Files\Microsoft Visual Studio\2022\Community\MSBuild\Current\Bin\amd64\Microsoft.Common.CurrentVersion.targets(2176,5): warning : The referenced project 'F:\MinecraftOpenGL\glfw-3.3.8\build\tests\windows.vcxproj' does not exist.
  Building Custom Rule F:/MinecraftOpenGL/glfw-3.3.8/CMakeLists.txt
  CMake is re-running because F:/MinecraftOpenGL/glfw-3.3.8/build/CMakeFiles/generate.stamp dependency file is missing.
CUSTOMBUILD : CMake error : The source directory "F:/MinecraftOpenGL/glfw-3.3.8" does not appear to contain CMakeLists.txt.
  Specify --help for usage, or press the help button on the CMake GUI.
C:\Program Files\Microsoft Visual Studio\2022\Community\MSBuild\Microsoft\VC\v170\Microsoft.CppCommon.targets(254,5): error MSB8066: Custom build for 'F:\MinecraftOpenGL\glfw-3.3.8\CMakeLists.txt' exited with code 1.
